# JRE version: Java(TM) SE Runtime Environment (8.0_101-b13) (build 1.8.0_101-b13)
# Java VM: Java HotSpot(TM) 64-Bit Server VM (25.101-b13 mixed mode bsd-amd64 compressed oops)
Heap:
 PSYoungGen      total 37376K, used 21307K [0x0000000795580000, 0x0000000798180000, 0x00000007c0000000)
  eden space 30720K, 67% used [0x0000000795580000,0x00000007969c6fb0,0x0000000797380000)
  from space 6656K, 8% used [0x0000000797400000,0x0000000797488000,0x0000000797a80000)
  to   space 7168K, 0% used [0x0000000797a80000,0x0000000797a80000,0x0000000798180000)
 ParOldGen       total 87552K, used 4350K [0x0000000740000000, 0x0000000745580000, 0x0000000795580000)
  object space 87552K, 4% used [0x0000000740000000,0x000000074043f8e8,0x0000000745580000)
 Metaspace       used 7286K, capacity 7407K, committed 7552K, reserved 1056768K
  class space    used 726K, capacity 794K, committed 896K, reserved 1048576K
GC Heap History (10 events):
Event: 6.926 GC heap before
{Heap before GC invocations=5 (full 0):
 PSYoungGen      total 38400K, used 37936K [0x0000000795580000, 0x0000000798000000, 0x00000007c0000000)
  eden space 33280K, 100% used [0x0000000795580000,0x0000000797600000,0x0000000797600000)
  from space 5120K, 90% used [0x0000000797b00000,0x0000000797f8c010,0x0000000798000000)
  to   space 5120K, 0% used [0x0000000797600000,0x0000000797600000,0x0000000797b00000)
 ParOldGen       total 87552K, used 219K [0x0000000740000000, 0x0000000745580000, 0x0000000795580000)
  object space 87552K, 0% used [0x0000000740000000,0x0000000740036ea8,0x0000000745580000)
 Metaspace       used 7273K, capacity 7407K, committed 7552K, reserved 1056768K
  class space    used 725K, capacity 794K, committed 896K, reserved 1048576K
Event: 6.932 GC heap after
Heap after GC invocations=5 (full 0):
 PSYoungGen      total 37888K, used 4624K [0x0000000795580000, 0x0000000798080000, 0x00000007c0000000)
  eden space 32768K, 0% used [0x0000000795580000,0x0000000795580000,0x0000000797580000)
  from space 5120K, 90% used [0x0000000797600000,0x0000000797a84010,0x0000000797b00000)
  to   space 5632K, 0% used [0x0000000797b00000,0x0000000797b00000,0x0000000798080000)
 ParOldGen       total 87552K, used 227K [0x0000000740000000, 0x0000000745580000, 0x0000000795580000)
  object space 87552K, 0% used [0x0000000740000000,0x0000000740038ea8,0x0000000745580000)
 Metaspace       used 7273K, capacity 7407K, committed 7552K, reserved 1056768K
  class space    used 725K, capacity 794K, committed 896K, reserved 1048576K
}
Event: 8.146 GC heap before
{Heap before GC invocations=6 (full 0):
 PSYoungGen      total 37888K, used 37392K [0x0000000795580000, 0x0000000798080000, 0x00000007c0000000)
  eden space 32768K, 100% used [0x0000000795580000,0x0000000797580000,0x0000000797580000)
  from space 5120K, 90% used [0x0000000797600000,0x0000000797a84010,0x0000000797b00000)
  to   space 5632K, 0% used [0x0000000797b00000,0x0000000797b00000,0x0000000798080000)
 ParOldGen       total 87552K, used 227K [0x0000000740000000, 0x0000000745580000, 0x0000000795580000)
  object space 87552K, 0% used [0x0000000740000000,0x0000000740038ea8,0x0000000745580000)
 Metaspace       used 7273K, capacity 7407K, committed 7552K, reserved 1056768K
  class space    used 725K, capacity 794K, committed 896K, reserved 1048576K
Event: 8.153 GC heap after
Heap after GC invocations=6 (full 0):
 PSYoungGen      total 37376K, used 4672K [0x0000000795580000, 0x0000000798000000, 0x00000007c0000000)
  eden space 32256K, 0% used [0x0000000795580000,0x0000000795580000,0x0000000797500000)
  from space 5120K, 91% used [0x0000000797b00000,0x0000000797f90000,0x0000000798000000)
  to   space 5632K, 0% used [0x0000000797500000,0x0000000797500000,0x0000000797a80000)
 ParOldGen       total 87552K, used 227K [0x0000000740000000, 0x0000000745580000, 0x0000000795580000)
  object space 87552K, 0% used [0x0000000740000000,0x0000000740038ea8,0x0000000745580000)
 Metaspace       used 7273K, capacity 7407K, committed 7552K, reserved 1056768K
  class space    used 725K, capacity 794K, committed 896K, reserved 1048576K
}
Event: 9.365 GC heap before
{Heap before GC invocations=7 (full 0):
 PSYoungGen      total 37376K, used 36928K [0x0000000795580000, 0x0000000798000000, 0x00000007c0000000)
  eden space 32256K, 100% used [0x0000000795580000,0x0000000797500000,0x0000000797500000)
  from space 5120K, 91% used [0x0000000797b00000,0x0000000797f90000,0x0000000798000000)
  to   space 5632K, 0% used [0x0000000797500000,0x0000000797500000,0x0000000797a80000)
 ParOldGen       total 87552K, used 227K [0x0000000740000000, 0x0000000745580000, 0x0000000795580000)
  object space 87552K, 0% used [0x0000000740000000,0x0000000740038ea8,0x0000000745580000)
 Metaspace       used 7273K, capacity 7407K, committed 7552K, reserved 1056768K
  class space    used 725K, capacity 794K, committed 896K, reserved 1048576K
Event: 9.371 GC heap after
Heap after GC invocations=7 (full 0):
 PSYoungGen      total 37376K, used 640K [0x0000000795580000, 0x0000000798080000, 0x00000007c0000000)
  eden space 31744K, 0% used [0x0000000795580000,0x0000000795580000,0x0000000797480000)
  from space 5632K, 11% used [0x0000000797500000,0x00000007975a0000,0x0000000797a80000)
  to   space 6144K, 0% used [0x0000000797a80000,0x0000000797a80000,0x0000000798080000)
 ParOldGen       total 87552K, used 4334K [0x0000000740000000, 0x0000000745580000, 0x0000000795580000)
  object space 87552K, 4% used [0x0000000740000000,0x000000074043b8e8,0x0000000745580000)
 Metaspace       used 7273K, capacity 7407K, committed 7552K, reserved 1056768K
  class space    used 725K, capacity 794K, committed 896K, reserved 1048576K
}
Event: 10.635 GC heap before
{Heap before GC invocations=8 (full 0):
 PSYoungGen      total 37376K, used 32384K [0x0000000795580000, 0x0000000798080000, 0x00000007c0000000)
  eden space 31744K, 100% used [0x0000000795580000,0x0000000797480000,0x0000000797480000)
  from space 5632K, 11% used [0x0000000797500000,0x00000007975a0000,0x0000000797a80000)
  to   space 6144K, 0% used [0x0000000797a80000,0x0000000797a80000,0x0000000798080000)
 ParOldGen       total 87552K, used 4334K [0x0000000740000000, 0x0000000745580000, 0x0000000795580000)
  object space 87552K, 4% used [0x0000000740000000,0x000000074043b8e8,0x0000000745580000)
 Metaspace       used 7274K, capacity 7407K, committed 7552K, reserved 1056768K
  class space    used 725K, capacity 794K, committed 896K, reserved 1048576K
Event: 10.637 GC heap after
Heap after GC invocations=8 (full 0):
 PSYoungGen      total 37376K, used 576K [0x0000000795580000, 0x0000000798100000, 0x00000007c0000000)
  eden space 31232K, 0% used [0x0000000795580000,0x0000000795580000,0x0000000797400000)
  from space 6144K, 9% used [0x0000000797a80000,0x0000000797b10000,0x0000000798080000)
  to   space 6656K, 0% used [0x0000000797400000,0x0000000797400000,0x0000000797a80000)
 ParOldGen       total 87552K, used 4350K [0x0000000740000000, 0x0000000745580000, 0x0000000795580000)
  object space 87552K, 4% used [0x0000000740000000,0x000000074043f8e8,0x0000000745580000)
 Metaspace       used 7274K, capacity 7407K, committed 7552K, reserved 1056768K
  class space    used 725K, capacity 794K, committed 896K, reserved 1048576K
}
Event: 11.812 GC heap before
{Heap before GC invocations=9 (full 0):
 PSYoungGen      total 37376K, used 31808K [0x0000000795580000, 0x0000000798100000, 0x00000007c0000000)
  eden space 31232K, 100% used [0x0000000795580000,0x0000000797400000,0x0000000797400000)
  from space 6144K, 9% used [0x0000000797a80000,0x0000000797b10000,0x0000000798080000)
  to   space 6656K, 0% used [0x0000000797400000,0x0000000797400000,0x0000000797a80000)
 ParOldGen       total 87552K, used 4350K [0x0000000740000000, 0x0000000745580000, 0x0000000795580000)
  object space 87552K, 4% used [0x0000000740000000,0x000000074043f8e8,0x0000000745580000)
 Metaspace       used 7280K, capacity 7407K, committed 7552K, reserved 1056768K
  class space    used 725K, capacity 794K, committed 896K, reserved 1048576K
Event: 11.814 GC heap after
Heap after GC invocations=9 (full 0):
 PSYoungGen      total 37376K, used 544K [0x0000000795580000, 0x0000000798180000, 0x00000007c0000000)
  eden space 30720K, 0% used [0x0000000795580000,0x0000000795580000,0x0000000797380000)
  from space 6656K, 8% used [0x0000000797400000,0x0000000797488000,0x0000000797a80000)
  to   space 7168K, 0% used [0x0000000797a80000,0x0000000797a80000,0x0000000798180000)
 ParOldGen       total 87552K, used 4350K [0x0000000740000000, 0x0000000745580000, 0x0000000795580000)
  object space 87552K, 4% used [0x0000000740000000,0x000000074043f8e8,0x0000000745580000)
 Metaspace       used 7280K, capacity 7407K, committed 7552K, reserved 1056768K
  class space    used 725K, capacity 794K, committed 896K, reserved 1048576K
}

